<?xml version="1.0" encoding="UTF-8"?>
<!-- Generated by org.testng.reporters.JUnitReportReporter -->
<testsuite hostname="AP-OTOteSrTg1T0" failures="1" tests="1" name="cucumber.testngTestRunner" time="24.261" errors="0" timestamp="2024-09-26T20:46:38 IST" skipped="0">
  <testcase classname="cucumber.testngTestRunner" name="runScenario" time="24.261">
    <failure message="expected:&lt;true&gt; but was:&lt;The current URL does not contain &#039;cargo&#039;&gt;" type="junit.framework.AssertionFailedError">
      <![CDATA[junit.framework.AssertionFailedError: expected:<true> but was:<The current URL does not contain 'cargo'>
at junit.framework.Assert.fail(Assert.java:57)
at junit.framework.Assert.failNotEquals(Assert.java:329)
at junit.framework.Assert.assertEquals(Assert.java:78)
at junit.framework.Assert.assertEquals(Assert.java:86)
at page.java.CargoPage.verifyRegistered(CargoPage.java:100)
at cucumberStepDefination.cargoStepDef.Verify_cargo(cargoStepDef.java:47)
at ✽.Verify cargo(file:///C:/Users/dnyaneshwar.marewad/Downloads/git/selenium/src/test/java/cucumber/cargo.feature:9)
]]>
    </failure>
  </testcase> <!-- runScenario -->
  <system-out/>
</testsuite> <!-- cucumber.testngTestRunner -->
